\BOOKMARK [1][-]{section.1}{\376\377\000L\000i\000s\000t\000\040\000o\000f\000\040\000c\000o\000n\000t\000e\000n\000t\000\040\000b\000y\000\040\000w\000e\000e\000k}{}% 1
\BOOKMARK [2][-]{subsection.1.1}{\376\377\000W\000e\000e\000k\000\040\0001}{section.1}% 2
\BOOKMARK [2][-]{subsection.1.2}{\376\377\000W\000e\000e\000k\0002}{section.1}% 3
\BOOKMARK [2][-]{subsection.1.3}{\376\377\000W\000e\000e\000k\0003}{section.1}% 4
\BOOKMARK [2][-]{subsection.1.4}{\376\377\000W\000e\000e\000k\0004}{section.1}% 5
\BOOKMARK [2][-]{subsection.1.5}{\376\377\000W\000e\000e\000k\0005}{section.1}% 6
\BOOKMARK [2][-]{subsection.1.6}{\376\377\000W\000e\000e\000k\0006}{section.1}% 7
\BOOKMARK [2][-]{subsection.1.7}{\376\377\000W\000e\000e\000k\0007}{section.1}% 8
\BOOKMARK [1][-]{section.2}{\376\377\000P\000r\000e\000l\000i\000m\000i\000n\000a\000r\000i\000e\000s}{}% 9
\BOOKMARK [2][-]{subsection.2.1}{\376\377\000L\000i\000n\000e\000a\000r\000\040\000s\000p\000a\000c\000e}{section.2}% 10
\BOOKMARK [3][-]{subsubsection.2.1.1}{\376\377\000E\000x\000a\000m\000p\000l\000e\000s\000\040\000o\000f\000\040\000l\000i\000n\000e\000a\000r\000\040\000s\000p\000a\000c\000e\000s}{subsection.2.1}% 11
\BOOKMARK [2][-]{subsection.2.2}{\376\377\000M\000e\000t\000r\000i\000c\000\040\000L\000i\000n\000e\000a\000r\000\040\000s\000p\000a\000c\000e}{section.2}% 12
\BOOKMARK [2][-]{subsection.2.3}{\376\377\000T\000o\000p\000o\000l\000o\000g\000y}{section.2}% 13
\BOOKMARK [3][-]{subsubsection.2.3.1}{\376\377\000S\000e\000p\000a\000r\000a\000b\000i\000l\000i\000t\000y}{subsection.2.3}% 14
\BOOKMARK [3][-]{subsubsection.2.3.2}{\376\377\000S\000c\000h\000a\000u\000d\000e\000r\000\040\000B\000a\000s\000i\000s\000\040\000a\000n\000d\000\040\000H\000a\000m\000e\000l\000\040\000b\000a\000s\000i\000s}{subsection.2.3}% 15
\BOOKMARK [3][-]{subsubsection.2.3.3}{\376\377\000C\000o\000m\000p\000a\000c\000t\000n\000e\000s\000s}{subsection.2.3}% 16
\BOOKMARK [1][-]{section.3}{\376\377\000B\000a\000n\000a\000c\000h\000\040\000S\000p\000a\000c\000e}{}% 17
\BOOKMARK [2][-]{subsection.3.1}{\376\377\000D\000e\000f\000i\000n\000i\000t\000i\000o\000n\000s}{section.3}% 18
\BOOKMARK [2][-]{subsection.3.2}{\376\377\000E\000x\000a\000m\000p\000l\000e\000s}{section.3}% 19
\BOOKMARK [2][-]{subsection.3.3}{\376\377\000F\000i\000n\000i\000t\000e\000\040\000d\000i\000m\000e\000n\000s\000i\000o\000n\000a\000l\000\040\000N\000o\000r\000m\000e\000d\000\040\000s\000p\000a\000c\000e}{section.3}% 20
\BOOKMARK [3][-]{subsubsection.3.3.1}{\376\377\000E\000q\000u\000i\000v\000a\000l\000e\000n\000c\000e\000\040\000o\000f\000\040\000N\000o\000r\000m\000s\000\040\000a\000n\000d\000\040\000t\000o\000p\000o\000l\000o\000g\000y}{subsection.3.3}% 21
\BOOKMARK [2][-]{subsection.3.4}{\376\377\000S\000u\000b\000s\000p\000a\000c\000e\000\040\000o\000f\000\040\000N\000o\000r\000m\000e\000d\000\040\000l\000i\000n\000e\000a\000r\000\040\000s\000p\000a\000c\000e}{section.3}% 22
\BOOKMARK [2][-]{subsection.3.5}{\376\377\000F\000i\000x\000e\000d\000\040\000p\000o\000i\000n\000t}{section.3}% 23
\BOOKMARK [2][-]{subsection.3.6}{\376\377\000E\000x\000a\000m}{section.3}% 24
\BOOKMARK [3][-]{subsubsection.3.6.1}{\376\377\000P\000r\000o\000o\000f\000\040\000o\000f\000\040\000c\000o\000m\000p\000l\000e\000t\000e\000n\000e\000s\000s}{subsection.3.6}% 25
\BOOKMARK [1][-]{section.4}{\376\377\000H\000i\000l\000b\000e\000r\000t\000\040\000S\000p\000a\000c\000e}{}% 26
\BOOKMARK [2][-]{subsection.4.1}{\376\377\000D\000e\000f\000i\000n\000i\000t\000i\000o\000n\000s\000\040\000a\000n\000d\000\040\000n\000o\000t\000a\000t\000i\000o\000n\000s}{section.4}% 27
\BOOKMARK [2][-]{subsection.4.2}{\376\377\000H\000i\000l\000b\000e\000r\000t\000\040\000s\000p\000a\000c\000e\000\040\000G\000e\000o\000m\000e\000t\000r\000y}{section.4}% 28
\BOOKMARK [3][-]{subsubsection.4.2.1}{\376\377\000O\000r\000t\000h\000o\000g\000o\000n\000a\000l\000i\000t\000y}{subsection.4.2}% 29
\BOOKMARK [3][-]{subsubsection.4.2.2}{\376\377\000N\000e\000a\000r\000e\000s\000t\000\040\000P\000o\000i\000n\000t\000\040\000P\000r\000o\000p\000e\000r\000t\000y}{subsection.4.2}% 30
\BOOKMARK [3][-]{subsubsection.4.2.3}{\376\377\000P\000r\000o\000j\000e\000c\000t\000i\000o\000n\000\040\000T\000h\000e\000o\000r\000e\000m}{subsection.4.2}% 31
\BOOKMARK [1][-]{section.5}{\376\377\000O\000p\000e\000r\000a\000t\000o\000r\000\040\000a\000n\000d\000\040\000F\000u\000n\000c\000t\000i\000o\000n\000a\000l}{}% 32
\BOOKMARK [2][-]{subsection.5.1}{\376\377\000L\000i\000n\000e\000a\000r\000\040\000f\000u\000n\000c\000t\000i\000o\000n\000a\000l\000s}{section.5}% 33
\BOOKMARK [3][-]{subsubsection.5.1.1}{\376\377\000B\000o\000u\000n\000d\000e\000d\000n\000e\000s\000s\000\040\000a\000n\000d\000\040\000c\000o\000n\000t\000i\000n\000u\000i\000t\000y}{subsection.5.1}% 34
\BOOKMARK [2][-]{subsection.5.2}{\376\377\000B\000a\000s\000i\000c\000\040\000O\000p\000e\000r\000a\000t\000o\000r\000\040\000T\000h\000e\000o\000r\000y}{section.5}% 35
\BOOKMARK [3][-]{subsubsection.5.2.1}{\376\377\000B\000o\000u\000n\000d\000e\000d\000\040\000l\000i\000n\000e\000a\000r\000\040\000o\000p\000e\000r\000a\000t\000o\000r}{subsection.5.2}% 36
\BOOKMARK [2][-]{subsection.5.3}{\376\377\000D\000u\000a\000l\000i\000t\000y}{section.5}% 37
\BOOKMARK [3][-]{subsubsection.5.3.1}{\376\377\000D\000u\000a\000l\000\040\000s\000p\000a\000c\000e\000:\000\040\000A\000\040\000n\000i\000c\000e\000\040\000s\000e\000l\000f\000-\000s\000y\000m\000m\000e\000t\000r\000y}{subsection.5.3}% 38
\BOOKMARK [3][-]{subsubsection.5.3.2}{\376\377\000R\000i\000e\000s\000z\000\040\000r\000e\000p\000r\000e\000s\000e\000n\000t\000a\000t\000i\000o\000n\000\040\000T\000h\000e\000o\000r\000e\000m}{subsection.5.3}% 39
\BOOKMARK [3][-]{subsubsection.5.3.3}{\376\377\000D\000u\000a\000l\000\040\000s\000p\000a\000c\000e\000\040\000o\000f\000\040\000l\000p\000\040\000s\000p\000a\000c\000e}{subsection.5.3}% 40
\BOOKMARK [3][-]{subsubsection.5.3.4}{\376\377\000D\000u\000a\000l\000\040\000o\000p\000e\000r\000a\000t\000o\000r}{subsection.5.3}% 41
\BOOKMARK [1][-]{section.6}{\376\377\000H\000a\000h\000n\000-\000B\000a\000n\000a\000c\000h\000\040\000T\000h\000e\000o\000r\000e\000m}{}% 42
\BOOKMARK [2][-]{subsection.6.1}{\376\377\000P\000r\000o\000o\000f\000\040\000o\000f\000\040\000H\000a\000h\000n\000-\000B\000a\000n\000a\000c\000h\000\040\000t\000h\000e\000o\000r\000e\000m\000,\000r\000e\000a\000l\000\040\000c\000a\000s\000e}{section.6}% 43
\BOOKMARK [2][-]{subsection.6.2}{\376\377\000P\000r\000o\000o\000f\000\040\000o\000f\000\040\000H\000a\000h\000n\000-\000B\000a\000n\000a\000c\000h\000\040\000t\000h\000e\000o\000r\000e\000m\000,\000c\000o\000m\000p\000l\000e\000x\000\040\000c\000a\000s\000e}{section.6}% 44
\BOOKMARK [2][-]{subsection.6.3}{\376\377\000H\000a\000h\000n\000-\000B\000a\000n\000a\000c\000h\000\040\000w\000i\000t\000h\000\040\000s\000u\000b\000l\000i\000n\000e\000a\000r\000\040\000f\000u\000n\000c\000t\000i\000o\000n}{section.6}% 45
\BOOKMARK [2][-]{subsection.6.4}{\376\377\000R\000e\000s\000u\000l\000t\000s\000\040\000o\000f\000\040\000H\000a\000h\000n\000-\000B\000a\000n\000a\000c\000h}{section.6}% 46
\BOOKMARK [1][-]{section.7}{\376\377\000U\000n\000i\000f\000o\000r\000m\000\040\000B\000o\000u\000n\000d\000e\000d\000n\000e\000s\000s\000\040\000p\000r\000i\000n\000c\000i\000p\000l\000e}{}% 47
\BOOKMARK [1][-]{section.8}{\376\377\000O\000p\000e\000n\000\040\000M\000a\000p\000p\000i\000i\000n\000g\000\040\000a\000n\000d\000\040\000C\000l\000o\000s\000e\000d\000\040\000G\000r\000a\000p\000h}{}% 48
\BOOKMARK [2][-]{subsection.8.1}{\376\377\000O\000p\000e\000n\000\040\000m\000a\000p\000p\000i\000n\000g\000\040\000t\000h\000e\000o\000r\000e\000m}{section.8}% 49
\BOOKMARK [2][-]{subsection.8.2}{\376\377\000C\000l\000o\000s\000e\000d\000\040\000G\000r\000a\000p\000h\000\040\000T\000h\000e\000o\000r\000e\000m}{section.8}% 50
\BOOKMARK [1][-]{section.9}{\376\377\000W\000e\000a\000k\000\040\000T\000o\000p\000o\000l\000o\000g\000y}{}% 51
\BOOKMARK [2][-]{subsection.9.1}{\376\377\000W\000e\000a\000k\000\040\000C\000o\000n\000v\000e\000r\000g\000e\000n\000c\000e\000\040\000a\000n\000d\000\040\000w\000e\000a\000k\000*\000\040\000c\000o\000n\000v\000e\000r\000g\000e\000n\000c\000e}{section.9}% 52
\BOOKMARK [2][-]{subsection.9.2}{\376\377\000C\000o\000n\000s\000e\000q\000u\000e\000n\000c\000e\000s\000\040\000o\000f\000\040\000w\000e\000a\000k\000\040\000c\000o\000n\000v\000e\000r\000g\000e\000n\000c\000e}{section.9}% 53
\BOOKMARK [1][-]{section.10}{\376\377\000C\000o\000m\000p\000a\000c\000t\000\040\000O\000p\000e\000r\000a\000t\000o\000r\000s}{}% 54
\BOOKMARK [1][-]{section.11}{\376\377\000S\000p\000e\000c\000t\000r\000u\000m}{}% 55
\BOOKMARK [2][-]{subsection.11.1}{\376\377\000S\000p\000e\000c\000t\000r\000u\000m\000\040\000a\000n\000d\000\040\000R\000e\000s\000o\000l\000v\000e\000n\000t}{section.11}% 56
\BOOKMARK [2][-]{subsection.11.2}{\376\377\000S\000p\000e\000c\000t\000r\000a\000l\000\040\000T\000h\000e\000o\000r\000y\000\040\000i\000n\000\040\000H\000i\000l\000b\000e\000r\000t\000\040\000s\000p\000a\000c\000e}{section.11}% 57
\BOOKMARK [2][-]{subsection.11.3}{\376\377\000S\000p\000e\000c\000t\000r\000a\000l\000\040\000t\000h\000e\000o\000r\000e\000m\000\040\000f\000o\000r\000\040\000c\000o\000m\000p\000a\000c\000t\000\040\000s\000e\000l\000f\000-\000a\000d\000j\000o\000i\000n\000t\000\040\000o\000p\000e\000r\000a\000t\000o\000r\000s}{section.11}% 58
\BOOKMARK [1][-]{section.12}{\376\377\000A\000p\000p\000e\000n\000d\000i\000x}{}% 59
\BOOKMARK [2][-]{subsection.12.1}{\376\377\000Y\000o\000u\000n\000g\000'\000s\000\040\000I\000n\000e\000q\000u\000a\000l\000i\000t\000y}{section.12}% 60
\BOOKMARK [2][-]{subsection.12.2}{\376\377\000M\000i\000n\000k\000o\000w\000s\000k\000i\000'\000s\000\040\000i\000n\000e\000q\000u\000a\000l\000i\000t\000y}{section.12}% 61
\BOOKMARK [2][-]{subsection.12.3}{\376\377\000H\000\366\000l\000d\000e\000r\000'\000s\000\040\000I\000n\000e\000q\000u\000a\000l\000i\000t\000y}{section.12}% 62
\BOOKMARK [2][-]{subsection.12.4}{\376\377\000J\000e\000n\000s\000e\000n\000'\000s\000\040\000I\000n\000e\000q\000u\000a\000l\000i\000t\000y\000\040\000\050\000c\000o\000n\000v\000e\000x\000\040\000f\000u\000n\000c\000t\000i\000o\000n\000\051}{section.12}% 63
\BOOKMARK [2][-]{subsection.12.5}{\376\377\000C\000o\000m\000p\000l\000e\000t\000i\000o\000n\000\040\000o\000f\000\040\000m\000e\000t\000r\000i\000c\000\040\000s\000p\000a\000c\000e}{section.12}% 64
\BOOKMARK [2][-]{subsection.12.6}{\376\377\000.\000\040\000s\000p\000a\000c\000e\000\040\000a\000n\000d\000\040\000.\000\040\000s\000p\000a\000c\000e}{section.12}% 65
